Log file open, 02/05/17 13:26:35
LogInit:Display: Running engine for game: BirdsAndPaintballs
LogPlatformFile: Not using cached read wrapper
LogInit:Display: RandInit(1901542168) SRandInit(1901542168).
LogTaskGraph: Started task graph with 5 named threads and 8 total threads with 1 sets of task threads.
LogStats: Stats thread started at 0.105497
LogPluginManager: Loaded Plugin Paper2D, From C:/Epic Games/4.14/Engine/Plugins/2D/Paper2D/Paper2D.uplugin
LogPluginManager: Loaded Plugin LightPropagationVolume, From C:/Epic Games/4.14/Engine/Plugins/Blendables/LightPropagationVolume/LightPropagationVolume.uplugin
LogPluginManager: Loaded Plugin BlankPlugin, From C:/Epic Games/4.14/Engine/Plugins/Developer/BlankPlugin/BlankPlugin.uplugin
LogPluginManager: Loaded Plugin CodeLiteSourceCodeAccess, From C:/Epic Games/4.14/Engine/Plugins/Developer/CodeLiteSourceCodeAccess/CodeLiteSourceCodeAccess.uplugin
LogPluginManager: Loaded Plugin GitSourceControl, From C:/Epic Games/4.14/Engine/Plugins/Developer/GitSourceControl/GitSourceControl.uplugin
LogPluginManager: Loaded Plugin KDevelopSourceCodeAccess, From C:/Epic Games/4.14/Engine/Plugins/Developer/KDevelopSourceCodeAccess/KDevelopSourceCodeAccess.uplugin
LogPluginManager: Loaded Plugin NullSourceCodeAccess, From C:/Epic Games/4.14/Engine/Plugins/Developer/NullSourceCodeAccess/NullSourceCodeAccess.uplugin
LogPluginManager: Loaded Plugin OneSkyLocalizationService, From C:/Epic Games/4.14/Engine/Plugins/Developer/OneSkyLocalizationService/OneSkyLocalizationService.uplugin
LogPluginManager: Loaded Plugin PerforceSourceControl, From C:/Epic Games/4.14/Engine/Plugins/Developer/PerforceSourceControl/PerforceSourceControl.uplugin
LogPluginManager: Loaded Plugin SubversionSourceControl, From C:/Epic Games/4.14/Engine/Plugins/Developer/SubversionSourceControl/SubversionSourceControl.uplugin
LogPluginManager: Loaded Plugin UObjectPlugin, From C:/Epic Games/4.14/Engine/Plugins/Developer/UObjectPlugin/UObjectPlugin.uplugin
LogPluginManager: Loaded Plugin VisualStudioSourceCodeAccess, From C:/Epic Games/4.14/Engine/Plugins/Developer/VisualStudioSourceCodeAccess/VisualStudioSourceCodeAccess.uplugin
LogPluginManager: Loaded Plugin XCodeSourceCodeAccess, From C:/Epic Games/4.14/Engine/Plugins/Developer/XCodeSourceCodeAccess/XCodeSourceCodeAccess.uplugin
LogPluginManager: Loaded Plugin AudioCapture, From C:/Epic Games/4.14/Engine/Plugins/Editor/AudioCapture/AudioCapture.uplugin
LogPluginManager: Loaded Plugin EpicSurvey, From C:/Epic Games/4.14/Engine/Plugins/Editor/EpicSurvey/EpicSurvey.uplugin
LogPluginManager: Loaded Plugin MacGraphicsSwitching, From C:/Epic Games/4.14/Engine/Plugins/Editor/MacGraphicsSwitching/MacGraphicsSwitching.uplugin
LogPluginManager: Loaded Plugin MobileLauncherProfileWizard, From C:/Epic Games/4.14/Engine/Plugins/Editor/MobileLauncherProfileWizard/MobileLauncherProfileWizard.uplugin
LogPluginManager: Loaded Plugin PluginBrowser, From C:/Epic Games/4.14/Engine/Plugins/Editor/PluginBrowser/PluginBrowser.uplugin
LogPluginManager: Loaded Plugin SpeedTreeImporter, From C:/Epic Games/4.14/Engine/Plugins/Editor/SpeedTreeImporter/SpeedTreeImporter.uplugin
LogPluginManager: Loaded Plugin SuperSearchEditor, From C:/Epic Games/4.14/Engine/Plugins/Editor/SuperSearchEditor/SuperSearchEditor.uplugin
LogPluginManager: Loaded Plugin AlembicImporter, From C:/Epic Games/4.14/Engine/Plugins/Experimental/AlembicImporter/AlembicImporter.uplugin
LogPluginManager: Loaded Plugin BlueprintStats, From C:/Epic Games/4.14/Engine/Plugins/Experimental/BlueprintStats/BlueprintStats.uplugin
LogPluginManager: Loaded Plugin CharacterAI, From C:/Epic Games/4.14/Engine/Plugins/Experimental/CharacterAI/CharacterAI.uplugin
LogPluginManager: Loaded Plugin CodeEditor, From C:/Epic Games/4.14/Engine/Plugins/Experimental/CodeEditor/CodeEditor.uplugin
LogPluginManager: Loaded Plugin CodeView, From C:/Epic Games/4.14/Engine/Plugins/Experimental/CodeView/CodeView.uplugin
LogPluginManager: Loaded Plugin HTML5Networking, From C:/Epic Games/4.14/Engine/Plugins/Experimental/HTML5Networking/HTML5Networking.uplugin
LogPluginManager: Loaded Plugin OSVR, From C:/Epic Games/4.14/Engine/Plugins/Experimental/OSVR/OSVR.uplugin
LogPluginManager: Loaded Plugin Phya, From C:/Epic Games/4.14/Engine/Plugins/Experimental/Phya/Phya.uplugin
LogPluginManager: Loaded Plugin SignificanceManager, From C:/Epic Games/4.14/Engine/Plugins/Experimental/SignificanceManager/SignificanceManager.uplugin
LogPluginManager: Loaded Plugin SimpleHMD, From C:/Epic Games/4.14/Engine/Plugins/Experimental/SimpleHMD/SimpleHMD.uplugin
LogPluginManager: Loaded Plugin StereoPanorama, From C:/Epic Games/4.14/Engine/Plugins/Experimental/StereoPanorama/StereoPanorama.uplugin
LogPluginManager: Loaded Plugin StructBox, From C:/Epic Games/4.14/Engine/Plugins/Experimental/StructBox/StructBox.uplugin
LogPluginManager: Loaded Plugin Substance, From C:/Epic Games/4.14/Engine/Plugins/Marketplace/Substance/Substance.uplugin
LogPluginManager: Loaded Plugin VaRestPlugin, From C:/Epic Games/4.14/Engine/Plugins/Marketplace/VaRestPlugin/VaRestPlugin.uplugin
LogPluginManager: Loaded Plugin AndroidMedia, From C:/Epic Games/4.14/Engine/Plugins/Media/AndroidMedia/AndroidMedia.uplugin
LogPluginManager: Loaded Plugin AvfMedia, From C:/Epic Games/4.14/Engine/Plugins/Media/AvfMedia/AvfMedia.uplugin
LogPluginManager: Loaded Plugin MediaPlayerEditor, From C:/Epic Games/4.14/Engine/Plugins/Media/MediaPlayerEditor/MediaPlayerEditor.uplugin
LogPluginManager: Loaded Plugin WmfMedia, From C:/Epic Games/4.14/Engine/Plugins/Media/WmfMedia/WmfMedia.uplugin
LogPluginManager: Loaded Plugin MessagingDebugger, From C:/Epic Games/4.14/Engine/Plugins/Messaging/MessagingDebugger/MessagingDebugger.uplugin
LogPluginManager: Loaded Plugin TcpMessaging, From C:/Epic Games/4.14/Engine/Plugins/Messaging/TcpMessaging/TcpMessaging.uplugin
LogPluginManager: Loaded Plugin UdpMessaging, From C:/Epic Games/4.14/Engine/Plugins/Messaging/UdpMessaging/UdpMessaging.uplugin
LogPluginManager: Loaded Plugin LevelSequenceEditor, From C:/Epic Games/4.14/Engine/Plugins/MovieScene/LevelSequenceEditor/LevelSequenceEditor.uplugin
LogPluginManager: Loaded Plugin MatineeToLevelSequence, From C:/Epic Games/4.14/Engine/Plugins/MovieScene/MatineeToLevelSequence/MatineeToLevelSequence.uplugin
LogPluginManager: Loaded Plugin NetcodeUnitTest, From C:/Epic Games/4.14/Engine/Plugins/NetcodeUnitTest/NetcodeUnitTest/NetcodeUnitTest.uplugin
LogPluginManager: Loaded Plugin NUTUnrealEngine4, From C:/Epic Games/4.14/Engine/Plugins/NetcodeUnitTest/NUTUnrealEngine4/NUTUnrealEngine4.uplugin
LogPluginManager: Loaded Plugin OnlineSubsystemGameCircle, From C:/Epic Games/4.14/Engine/Plugins/Online/Android/OnlineSubsystemGameCircle/OnlineSubsystemGameCircle.uplugin
LogPluginManager: Loaded Plugin OnlineSubsystemGooglePlay, From C:/Epic Games/4.14/Engine/Plugins/Online/Android/OnlineSubsystemGooglePlay/OnlineSubsystemGooglePlay.uplugin
LogPluginManager: Loaded Plugin OnlineSubsystemIOS, From C:/Epic Games/4.14/Engine/Plugins/Online/IOS/OnlineSubsystemIOS/OnlineSubsystemIOS.uplugin
LogPluginManager: Loaded Plugin OnlineFramework, From C:/Epic Games/4.14/Engine/Plugins/Online/OnlineFramework/OnlineFramework.uplugin
LogPluginManager: Loaded Plugin OnlineSubsystem, From C:/Epic Games/4.14/Engine/Plugins/Online/OnlineSubsystem/OnlineSubsystem.uplugin
LogPluginManager: Loaded Plugin OnlineSubsystemAmazon, From C:/Epic Games/4.14/Engine/Plugins/Online/OnlineSubsystemAmazon/OnlineSubsystemAmazon.uplugin
LogPluginManager: Loaded Plugin OnlineSubsystemFacebook, From C:/Epic Games/4.14/Engine/Plugins/Online/OnlineSubsystemFacebook/OnlineSubsystemFacebook.uplugin
LogPluginManager: Loaded Plugin OnlineSubsystemNull, From C:/Epic Games/4.14/Engine/Plugins/Online/OnlineSubsystemNull/OnlineSubsystemNull.uplugin
LogPluginManager: Loaded Plugin OnlineSubsystemOculus, From C:/Epic Games/4.14/Engine/Plugins/Online/OnlineSubsystemOculus/OnlineSubsystemOculus.uplugin
LogPluginManager: Loaded Plugin OnlineSubsystemSteam, From C:/Epic Games/4.14/Engine/Plugins/Online/OnlineSubsystemSteam/OnlineSubsystemSteam.uplugin
LogPluginManager: Loaded Plugin OnlineSubsystemUtils, From C:/Epic Games/4.14/Engine/Plugins/Online/OnlineSubsystemUtils/OnlineSubsystemUtils.uplugin
LogPluginManager: Loaded Plugin IOSTapJoy, From C:/Epic Games/4.14/Engine/Plugins/Runtime/Advertising/IOSTapJoy/IOSTapJoy.uplugin
LogPluginManager: Loaded Plugin AnalyticsBlueprintLibrary, From C:/Epic Games/4.14/Engine/Plugins/Runtime/Analytics/AnalyticsBlueprintLibrary/AnalyticsBlueprintLibrary.uplugin
LogPluginManager: Loaded Plugin AnalyticsMulticast, From C:/Epic Games/4.14/Engine/Plugins/Runtime/Analytics/AnalyticsMulticast/AnalyticsMulticast.uplugin
LogPluginManager: Loaded Plugin Apsalar, From C:/Epic Games/4.14/Engine/Plugins/Runtime/Analytics/Apsalar/Apsalar.uplugin
LogPluginManager: Loaded Plugin FileLogging, From C:/Epic Games/4.14/Engine/Plugins/Runtime/Analytics/FileLogging/FileLogging.uplugin
LogPluginManager: Loaded Plugin Flurry, From C:/Epic Games/4.14/Engine/Plugins/Runtime/Analytics/Flurry/Flurry.uplugin
LogPluginManager: Loaded Plugin AndroidDeviceProfileSelector, From C:/Epic Games/4.14/Engine/Plugins/Runtime/AndroidDeviceProfileSelector/AndroidDeviceProfileSelector.uplugin
LogPluginManager: Loaded Plugin AndroidMoviePlayer, From C:/Epic Games/4.14/Engine/Plugins/Runtime/AndroidMoviePlayer/AndroidMoviePlayer.uplugin
LogPluginManager: Loaded Plugin AppleMoviePlayer, From C:/Epic Games/4.14/Engine/Plugins/Runtime/AppleMoviePlayer/AppleMoviePlayer.uplugin
LogPluginManager: Loaded Plugin ArchVisCharacter, From C:/Epic Games/4.14/Engine/Plugins/Runtime/ArchVisCharacter/ArchVisCharacter.uplugin
LogPluginManager: Loaded Plugin CableComponent, From C:/Epic Games/4.14/Engine/Plugins/Runtime/CableComponent/CableComponent.uplugin
LogPluginManager: Loaded Plugin CustomMeshComponent, From C:/Epic Games/4.14/Engine/Plugins/Runtime/CustomMeshComponent/CustomMeshComponent.uplugin
LogPluginManager: Loaded Plugin ExampleDeviceProfileSelector, From C:/Epic Games/4.14/Engine/Plugins/Runtime/ExampleDeviceProfileSelector/ExampleDeviceProfileSelector.uplugin
LogPluginManager: Loaded Plugin GearVR, From C:/Epic Games/4.14/Engine/Plugins/Runtime/GearVR/GearVR.uplugin
LogPluginManager: Loaded Plugin GoogleVRController, From C:/Epic Games/4.14/Engine/Plugins/Runtime/GoogleVR/GoogleVRController/GoogleVRController.uplugin
LogPluginManager: Loaded Plugin GoogleVRHMD, From C:/Epic Games/4.14/Engine/Plugins/Runtime/GoogleVR/GoogleVRHMD/GoogleVRHMD.uplugin
LogPluginManager: Loaded Plugin IOSDeviceProfileSelector, From C:/Epic Games/4.14/Engine/Plugins/Runtime/IOSDeviceProfileSelector/IOSDeviceProfileSelector.uplugin
LogPluginManager: Loaded Plugin LeapMotion, From C:/Epic Games/4.14/Engine/Plugins/Runtime/LeapMotion/LeapMotion.uplugin
LogPluginManager: Loaded Plugin LinuxDeviceProfileSelector, From C:/Epic Games/4.14/Engine/Plugins/Runtime/LinuxDeviceProfileSelector/LinuxDeviceProfileSelector.uplugin
LogPluginManager: Loaded Plugin MIDIDevice, From C:/Epic Games/4.14/Engine/Plugins/Runtime/MIDIDevice/MIDIDevice.uplugin
LogPluginManager: Loaded Plugin MobilePatchingUtils, From C:/Epic Games/4.14/Engine/Plugins/Runtime/MobilePatchingUtils/MobilePatchingUtils.uplugin
LogPluginManager: Loaded Plugin Ansel, From C:/Epic Games/4.14/Engine/Plugins/Runtime/Nvidia/Ansel/Ansel.uplugin
LogPluginManager: Loaded Plugin OculusAudio, From C:/Epic Games/4.14/Engine/Plugins/Runtime/OculusAudio/OculusAudio.uplugin
LogPluginManager: Loaded Plugin OculusInput, From C:/Epic Games/4.14/Engine/Plugins/Runtime/OculusInput/OculusInput.uplugin
LogPluginManager: Loaded Plugin OculusLibrary, From C:/Epic Games/4.14/Engine/Plugins/Runtime/OculusLibrary/OculusLibrary.uplugin
LogPluginManager: Loaded Plugin OculusRift, From C:/Epic Games/4.14/Engine/Plugins/Runtime/OculusRift/OculusRift.uplugin
LogPluginManager: Loaded Plugin Oodle, From C:/Epic Games/4.14/Engine/Plugins/Runtime/PacketHandlers/CompressionComponents/Oodle/Oodle.uplugin
LogPluginManager: Loaded Plugin ProceduralMeshComponent, From C:/Epic Games/4.14/Engine/Plugins/Runtime/ProceduralMeshComponent/ProceduralMeshComponent.uplugin
LogPluginManager: Loaded Plugin SoundMod, From C:/Epic Games/4.14/Engine/Plugins/Runtime/SoundMod/SoundMod.uplugin
LogPluginManager: Loaded Plugin SoundVisualizations, From C:/Epic Games/4.14/Engine/Plugins/Runtime/SoundVisualizations/SoundVisualizations.uplugin
LogPluginManager: Loaded Plugin SteamController, From C:/Epic Games/4.14/Engine/Plugins/Runtime/Steam/SteamController/SteamController.uplugin
LogPluginManager: Loaded Plugin SteamVR, From C:/Epic Games/4.14/Engine/Plugins/Runtime/Steam/SteamVR/SteamVR.uplugin
LogPluginManager: Loaded Plugin WebBrowserWidget, From C:/Epic Games/4.14/Engine/Plugins/Runtime/WebBrowserWidget/WebBrowserWidget.uplugin
LogPluginManager: Loaded Plugin WindowsDeviceProfileSelector, From C:/Epic Games/4.14/Engine/Plugins/Runtime/WindowsDeviceProfileSelector/WindowsDeviceProfileSelector.uplugin
LogPluginManager: Loaded Plugin WindowsMoviePlayer, From C:/Epic Games/4.14/Engine/Plugins/Runtime/WindowsMoviePlayer/WindowsMoviePlayer.uplugin
LogPluginManager: Loaded Plugin ScriptPlugin, From C:/Epic Games/4.14/Engine/Plugins/ScriptPlugin/ScriptPlugin.uplugin
LogPluginManager: Loaded Plugin SlateRemote, From C:/Epic Games/4.14/Engine/Plugins/Slate/SlateRemote/SlateRemote.uplugin
LogPluginManager: Loaded Plugin EditorTests, From C:/Epic Games/4.14/Engine/Plugins/Tests/EditorTests/EditorTests.uplugin
LogPluginManager: Loaded Plugin FbxAutomationTestBuilder, From C:/Epic Games/4.14/Engine/Plugins/Tests/FbxAutomationTestBuilder/FbxAutomationTestBuilder.uplugin
LogPluginManager: Loaded Plugin FunctionalTestingEditor, From C:/Epic Games/4.14/Engine/Plugins/Tests/FunctionalTestingEditor/FunctionalTestingEditor.uplugin
LogPluginManager: Loaded Plugin RuntimeTests, From C:/Epic Games/4.14/Engine/Plugins/Tests/RuntimeTests/RuntimeTests.uplugin
LogPluginManager: Loaded Plugin ScreenshotTools, From C:/Epic Games/4.14/Engine/Plugins/Tests/ScreenshotTools/ScreenshotTools.uplugin
LogInit: Using libcurl 7.47.1
LogInit:  - built for x86_64-pc-win32
LogInit:  - supports SSL with OpenSSL/1.0.2g
LogInit:  - supports HTTP deflate (compression) using libz 1.2.8
LogInit:  - other features:
LogInit:      CURL_VERSION_SSL
LogInit:      CURL_VERSION_LIBZ
LogInit:      CURL_VERSION_IPV6
LogInit:      CURL_VERSION_ASYNCHDNS
LogInit:      CURL_VERSION_LARGEFILE
LogInit:      CURL_VERSION_IDN
LogInit:  CurlRequestOptions (configurable via config and command line):
LogInit:  - bVerifyPeer = false  - Libcurl will NOT verify peer certificate
LogInit:  - bUseHttpProxy = false  - Libcurl will NOT use HTTP proxy
LogInit:  - bDontReuseConnections = false  - Libcurl will reuse connections
LogInit:  - CertBundlePath = nullptr  - Libcurl will use whatever was configured at build time.
LogInit: Build: ++UE4+Release-4.14-CL-3249277
LogInit: Engine Version: 4.14.3-3249277+++UE4+Release-4.14
LogInit: Compatible Engine Version: 4.14.0-3195953+++UE4+Release-4.14
LogInit: Net CL: 3195953
LogDevObjectVersion: Number of dev versions registered: 13
LogDevObjectVersion:   Dev-Blueprints (B0D832E4-1F89-4F0D-ACCF-7EB736FD4AA2): 7
LogDevObjectVersion:   Dev-Build (E1C64328-A22C-4D53-A36C-8E866417BD8C): 0
LogDevObjectVersion:   Dev-Core (375EC13C-06E4-48FB-B500-84F0262A717E): 1
LogDevObjectVersion:   Dev-Editor (E4B068ED-F494-42E9-A231-DA0B2E46BB41): 8
LogDevObjectVersion:   Dev-Framework (CFFC743F-43B0-4480-9391-14DF171D2073): 17
LogDevObjectVersion:   Dev-Mobile (B02B49B5-BB20-44E9-A304-32B752E40360): 0
LogDevObjectVersion:   Dev-Networking (A4E4105C-59A1-49B5-A7C5-40C4547EDFEE): 0
LogDevObjectVersion:   Dev-Online (39C831C9-5AE6-47DC-9A44-9C173E1C8E7C): 0
LogDevObjectVersion:   Dev-Physics (78F01B33-EBEA-4F98-B9B4-84EACCB95AA2): 0
LogDevObjectVersion:   Dev-Platform (6631380F-2D4D-43E0-8009-CF276956A95A): 0
LogDevObjectVersion:   Dev-Rendering (12F88B9F-8875-4AFC-A67C-D90C383ABD29): 12
LogDevObjectVersion:   Dev-Sequencer (7B5AE74C-D270-4C10-A958-57980B212A5A): 1
LogDevObjectVersion:   Dev-VR (D7296918-1DD6-4BDD-9DE2-64A83CC13884): 0
LogInit: Compiled (64-bit): Jan  6 2017 10:49:43
LogInit: Compiled with Visual C++: 19.00.23026.00
LogInit: Build Configuration: Development
LogInit: Branch Name: ++UE4+Release-4.14
LogInit: Command line:  
LogInit: Base directory: C:/Epic Games/4.14/Engine/Binaries/Win64/
LogInit: Installed Engine Build: 1
LogInit: Presizing for max 8388607 objects, including 0 objects not considered by GC, pre-allocating 0 bytes for permanent pool.
LogInit: Object subsystem initialized
[2017.02.05-11.26.36:210][  0]LogInit: Selected Device Profile: [Windows]
[2017.02.05-11.26.36:210][  0]LogInit: Applying CVar settings loaded from the selected device profile: [Windows]
[2017.02.05-11.26.36:252][  0]LogInit: Computer: DESKTOP-LVAGME2
[2017.02.05-11.26.36:252][  0]LogInit: User: Mariu
[2017.02.05-11.26.36:252][  0]LogInit: CPU Page size=65536, Cores=4
[2017.02.05-11.26.36:252][  0]LogInit: High frequency timer resolution =3.410233 MHz
[2017.02.05-11.26.36:252][  0]LogMemory: Memory total: Physical=16.0GB (16GB approx)
[2017.02.05-11.26.36:252][  0]LogMemory: Platform Memory Stats for Windows
[2017.02.05-11.26.36:252][  0]LogMemory: Process Physical Memory: 263.32 MB used, 263.32 MB peak
[2017.02.05-11.26.36:252][  0]LogMemory: Process Virtual Memory: 262.71 MB used, 262.71 MB peak
[2017.02.05-11.26.36:252][  0]LogMemory: Physical Memory: 6061.65 MB used,  10292.30 MB free, 16353.95 MB total
[2017.02.05-11.26.36:252][  0]LogMemory: Virtual Memory: 683.83 MB used,  10292.30 MB free, 134217728.00 MB total
[2017.02.05-11.26.36:400][  0]LogTextLocalizationManager: No specific translations for ('en-ZA') exist, so ('en') translations will be used.
[2017.02.05-11.26.39:252][  0]LogD3D11RHI: D3D11 adapters:
[2017.02.05-11.26.39:521][  0]LogD3D11RHI:    0. 'NVIDIA GeForce GTX 770' (Feature Level 11_0)
[2017.02.05-11.26.39:521][  0]LogD3D11RHI:       4063/0/8176 MB DedicatedVideo/DedicatedSystem/SharedSystem, Outputs:1, VendorId:0x10de
[2017.02.05-11.26.39:524][  0]LogD3D11RHI:    1. 'Microsoft Basic Render Driver' (Feature Level 11_0)
[2017.02.05-11.26.39:524][  0]LogD3D11RHI:       0/0/8176 MB DedicatedVideo/DedicatedSystem/SharedSystem, Outputs:0, VendorId:0x1414
[2017.02.05-11.26.39:524][  0]LogD3D11RHI: Chosen D3D11 Adapter: 0
[2017.02.05-11.26.39:532][  0]LogD3D11RHI: Creating new Direct3DDevice
[2017.02.05-11.26.39:532][  0]LogD3D11RHI:     GPU DeviceId: 0x1184 (for the marketing name, search the web for "GPU Device Id")
[2017.02.05-11.26.39:532][  0]LogWindows: EnumDisplayDevices:
[2017.02.05-11.26.39:532][  0]LogWindows:    0. 'NVIDIA GeForce GTX 770' (P:1 D:1)
[2017.02.05-11.26.39:533][  0]LogWindows:    1. 'NVIDIA GeForce GTX 770' (P:0 D:0)
[2017.02.05-11.26.39:534][  0]LogWindows:    2. 'NVIDIA GeForce GTX 770' (P:0 D:0)
[2017.02.05-11.26.39:535][  0]LogWindows:    3. 'NVIDIA GeForce GTX 770' (P:0 D:0)
[2017.02.05-11.26.39:535][  0]LogWindows: DebugString: FoundDriverCount:4 
[2017.02.05-11.26.39:535][  0]LogD3D11RHI:     Adapter Name: NVIDIA GeForce GTX 770
[2017.02.05-11.26.39:535][  0]LogD3D11RHI:   Driver Version: 378.49 (internal:21.21.13.7849, unified:378.49)
[2017.02.05-11.26.39:535][  0]LogD3D11RHI:      Driver Date: 1-20-2017
[2017.02.05-11.26.39:535][  0]LogRHI: Texture pool is 1361 MB (70% of 1945 MB)
[2017.02.05-11.26.39:765][  0]LogD3D11RHI:Warning: Timestamp queries are currently disabled on this hardware due to instability. Realtime GPU stats will not be available. You can override this behaviour by setting r.NVIDIATimestampWorkaround to 0
[2017.02.05-11.26.39:765][  0]LogD3D11RHI: Async texture creation enabled
[2017.02.05-11.26.39:840][  0]LogD3D11RHI: GPU Timing Frequency: 1000.000000 (Debug: 2 1)
[2017.02.05-11.26.39:841][  0]LogShaderCompilers: Guid format shader working directory is -3 characters bigger than the processId version (D:/Dev/2017/NoBirdsWereHarmed/BirdsAndPaintballs/Intermediate/Shaders/WorkingDirectory/28228/).
[2017.02.05-11.26.39:841][  0]LogShaderCompilers: Cleaned the shader compiler working directory 'C:/Users/Mariu/AppData/Local/Temp/UnrealShaderWorkingDir/33D90FC44CF8CD23718F3AB07F6E81A3/'.
[2017.02.05-11.26.39:841][  0]LogShaderCompilers:Display: Using Local Shader Compiler.
[2017.02.05-11.26.42:965][  0]LogTemp:Display: Loaded TP AllDesktopTargetPlatform
[2017.02.05-11.26.43:188][  0]LogTemp:Display: Loaded TP MacClientTargetPlatform
[2017.02.05-11.26.43:413][  0]LogTemp:Display: Loaded TP MacNoEditorTargetPlatform
[2017.02.05-11.26.43:634][  0]LogTemp:Display: Loaded TP MacServerTargetPlatform
[2017.02.05-11.26.43:882][  0]LogTemp:Display: Loaded TP MacTargetPlatform
[2017.02.05-11.26.44:104][  0]LogTemp:Display: Loaded TP WindowsClientTargetPlatform
[2017.02.05-11.26.44:326][  0]LogTemp:Display: Loaded TP WindowsNoEditorTargetPlatform
[2017.02.05-11.26.44:545][  0]LogTemp:Display: Loaded TP WindowsServerTargetPlatform
[2017.02.05-11.26.44:756][  0]LogTemp:Display: Loaded TP WindowsTargetPlatform
[2017.02.05-11.26.44:994][  0]LogTemp:Display: Loaded TP AndroidTargetPlatform
[2017.02.05-11.26.45:215][  0]LogTemp:Display: Loaded TP Android_ASTCTargetPlatform
[2017.02.05-11.26.45:439][  0]LogTemp:Display: Loaded TP Android_ATCTargetPlatform
[2017.02.05-11.26.45:665][  0]LogTemp:Display: Loaded TP Android_DXTTargetPlatform
[2017.02.05-11.26.45:891][  0]LogTemp:Display: Loaded TP Android_ETC1TargetPlatform
[2017.02.05-11.26.46:128][  0]LogTemp:Display: Loaded TP Android_ETC2TargetPlatform
[2017.02.05-11.26.46:562][  0]LogTemp:Display: Loaded TP Android_MultiTargetPlatform
[2017.02.05-11.26.46:562][  0]LogTemp:Display: Loaded TP Android_PVRTCTargetPlatform
[2017.02.05-11.26.46:763][  0]LogTemp:Display: Loaded TP HTML5TargetPlatform
[2017.02.05-11.26.47:122][  0]LogTemp:Display: Loaded TP IOSTargetPlatform
[2017.02.05-11.26.47:267][  0]LogTemp:Display: Loaded TP TVOSTargetPlatform
[2017.02.05-11.26.47:483][  0]LogTemp:Display: Loaded TP LinuxClientTargetPlatform
[2017.02.05-11.26.47:700][  0]LogTemp:Display: Loaded TP LinuxNoEditorTargetPlatform
[2017.02.05-11.26.47:917][  0]LogTemp:Display: Loaded TP LinuxServerTargetPlatform
[2017.02.05-11.26.48:138][  0]LogTemp:Display: Loaded TP LinuxTargetPlatform
[2017.02.05-11.26.48:138][  0]LogTargetPlatformManager:Display: Building Assets For Windows
[2017.02.05-11.26.50:302][  0]LogDerivedDataCache:Display: Max Cache Size: 512 MB
[2017.02.05-11.26.50:723][  0]LogDerivedDataCache: Loaded boot cache 0.42s 50MB C:/Users/Mariu/AppData/Local/UnrealEngine/4.14/DerivedDataCache/Boot.ddc.
[2017.02.05-11.26.50:723][  0]LogDerivedDataCache:Display: Loaded Boot cache: C:/Users/Mariu/AppData/Local/UnrealEngine/4.14/DerivedDataCache/Boot.ddc
[2017.02.05-11.26.50:723][  0]LogDerivedDataCache: FDerivedDataBackendGraph:  Pak pak cache file D:/Dev/2017/NoBirdsWereHarmed/BirdsAndPaintballs/DerivedDataCache/DDC.ddp not found, will not use a pak cache.
[2017.02.05-11.26.50:723][  0]LogDerivedDataCache: Unable to find inner node Pak for hierarchical cache Hierarchy.
[2017.02.05-11.26.50:723][  0]LogDerivedDataCache: FDerivedDataBackendGraph:  CompressedPak pak cache file D:/Dev/2017/NoBirdsWereHarmed/BirdsAndPaintballs/DerivedDataCache/Compressed.ddp not found, will not use a pak cache.
[2017.02.05-11.26.50:723][  0]LogDerivedDataCache: Unable to find inner node CompressedPak for hierarchical cache Hierarchy.
[2017.02.05-11.26.50:757][  0]LogDerivedDataCache:Display: Pak cache opened for reading ../../../Engine/DerivedDataCache/Compressed.ddp.
[2017.02.05-11.26.50:771][  0]LogDerivedDataCache: Using Local data cache path C:/Users/Mariu/AppData/Local/UnrealEngine/Common/DerivedDataCache: Writable
[2017.02.05-11.26.51:083][  0]LogInit: Selected Device Profile: [Windows]
[2017.02.05-11.26.51:087][  0]LogContentStreaming: Texture pool size is 0.00 MB
[2017.02.05-11.26.51:729][  0]LogMeshUtilities: Using QuadricMeshReduction for automatic static mesh reduction
[2017.02.05-11.26.51:953][  0]LogSimplygon: Simplygon DLL not present - disabling.
[2017.02.05-11.26.52:177][  0]LogMeshUtilities: Using SimplygonSwarm for distributed automatic mesh merging
[2017.02.05-11.26.52:177][  0]LogMeshUtilities: No automatic skeletal mesh reduction module available
[2017.02.05-11.26.52:177][  0]LogMeshUtilities: No automatic mesh merging module available
[2017.02.05-11.26.53:167][  0]LogNetVersion: GetLocalNetworkVersion: CL: 3195953, ProjectName: birdsandpaintballs, ProjectVersion: , EngineNetworkVersion: 2, GameNetworkVersion: 0, NetworkChecksum: 960729376
[2017.02.05-11.26.53:334][  0]LogAssetRegistry: FAssetRegistry took 0.0226 seconds to start up
[2017.02.05-11.26.53:525][  0]LogPackageLocalizationCache: Processed 3 localized package path(s) for 2 prioritized culture(s) in 0.057002 seconds
[2017.02.05-11.26.53:530][  0]LogUObjectArray: 31946 objects as part of root set at end of initial load.
[2017.02.05-11.26.53:530][  0]LogUObjectAllocator: 6935848 out of 0 bytes used by permanent object pool.
[2017.02.05-11.26.53:530][  0]LogUObjectArray: CloseDisregardForGC: 0/0 objects in disregard for GC pool
[2017.02.05-11.26.53:908][  0]LogInit: WinSock: version 1.1 (2.2), MaxSocks=32767, MaxUdp=65467
[2017.02.05-11.26.58:033][  0]LogSlate: Using Freetype 2.6.0
[2017.02.05-11.26.58:058][  0]LogSlate: SlateFontCache - WITH_FREETYPE: 1, WITH_HARFBUZZ: 1
[2017.02.05-11.26.58:058][  0]LogSlate: SlateFontCache - WITH_FREETYPE: 1, WITH_HARFBUZZ: 1
[2017.02.05-11.27.03:502][  0]LogTcpMessaging: Initializing TcpMessaging bridge
[2017.02.05-11.27.03:656][  0]LogUdpMessaging: Initializing bridge on interface 0.0.0.0:0 to multicast group 230.0.0.1:6666.
[2017.02.05-11.27.04:998][  0]LogMaterial: Uniform references updated for custom material expression Custom.
[2017.02.05-11.27.06:643][  0]SourceControl: Info Source control is disabled
[2017.02.05-11.27.06:719][  0]SourceControl: Info Source control is disabled
[2017.02.05-11.27.06:944][  0]SourceControl: Info Source control is disabled
[2017.02.05-11.27.07:164][  0]SourceControl: Info Source control is disabled
[2017.02.05-11.27.13:724][  0]LogEngine: Initializing Engine...
[2017.02.05-11.27.13:725][  0]LogHMD: Failed to initialize OpenVR with code 110
[2017.02.05-11.27.14:485][  0]LogAIModule: Creating AISystem for world Untitled
[2017.02.05-11.27.14:553][  0]LogInit: XAudio2 using 'SAMSUNG-4 (NVIDIA High Definition Audio)' : 2 channels at 48 kHz using 16 bits per sample (channel mask 0x3)
[2017.02.05-11.27.14:604][  0]LogInit: FAudioDevice initialized.
[2017.02.05-11.27.14:637][  0]LogDerivedDataCache: Saved boot cache 0.03s 50MB C:/Users/Mariu/AppData/Local/UnrealEngine/4.14/DerivedDataCache/Boot.ddc.
[2017.02.05-11.27.14:645][  0]LogInit: Texture streaming: Enabled
[2017.02.05-11.27.15:633][  0]LogInit: Transaction tracking system initialized
[2017.02.05-11.27.17:577][  0]BlueprintLog: New page: Editor Load
[2017.02.05-11.27.22:497][  0]LocalizationService: Info Localization service is disabled
[2017.02.05-11.27.26:609][  0]LogConsoleResponse:Display: 
[2017.02.05-11.27.27:098][  0]LogCook:Display: Max memory allowance for cook 16384mb min free memory 0mb
[2017.02.05-11.27.27:098][  0]LogCook:Display: Mobile HDR setting 1
[2017.02.05-11.27.27:230][  0]LogFileCache: Scanning file cache for directory 'D:/Dev/2017/NoBirdsWereHarmed/BirdsAndPaintballs/Content/' took 0.02s
[2017.02.05-11.27.32:275][  0]SourceControl: Info Source control is disabled
[2017.02.05-11.27.32:275][  0]Cmd: MAP LOAD FILE="D:/Dev/2017/NoBirdsWereHarmed/BirdsAndPaintballs/Content/Maps/LogosMap.umap" TEMPLATE=0 SHOWPROGRESS=1 FEATURELEVEL=3
[2017.02.05-11.27.32:298][  0]LightingResults: New page: Lighting Build
[2017.02.05-11.27.32:549][  0]MapCheck: New page: Map Check
[2017.02.05-11.27.32:549][  0]LightingResults: New page: Lighting Build
[2017.02.05-11.27.32:922][  0]LogAIModule: Creating AISystem for world LogosMap
[2017.02.05-11.27.32:923][  0]LogEditorServer: Finished looking for orphan Actors (0.000 secs)
[2017.02.05-11.27.32:923][  0]Cmd: MAP CHECKDEP NOCLEARLOG
[2017.02.05-11.27.33:054][  0]MapCheck: Info Map check complete: 0 Error(s), 0 Warning(s), took 131,07ms to complete.
[2017.02.05-11.27.33:055][  0]LogFileHelpers: Loading map 'LogosMap' took 0.779
[2017.02.05-11.27.33:547][  0]LogCollectionManager: Loaded 1 collections in 0.005141 seconds
[2017.02.05-11.27.33:828][  0]LogFileCache: Scanning file cache for directory 'D:/Dev/2017/NoBirdsWereHarmed/BirdsAndPaintballs/Saved/Collections/' took 0.01s
[2017.02.05-11.27.33:828][  0]LogFileCache: Scanning file cache for directory 'D:/Dev/2017/NoBirdsWereHarmed/BirdsAndPaintballs/Content/Developers/Mariu/Collections/' took 0.01s
[2017.02.05-11.27.33:828][  0]LogFileCache: Scanning file cache for directory 'D:/Dev/2017/NoBirdsWereHarmed/BirdsAndPaintballs/Content/Collections/' took 0.01s
[2017.02.05-11.27.33:828][  0]LogCollectionManager: Rebuilt the GUID cache for 1 collections in 0.000005 seconds
[2017.02.05-11.27.33:828][  0]LogCollectionManager: Rebuilt the hierarchy cache for 1 collections in 0.000001 seconds
[2017.02.05-11.27.33:843][  0]LogContentBrowser: Native class hierarchy populated in 0.0153 seconds. Added 2195 classes and 433 folders.
[2017.02.05-11.27.34:085][  0]LogStats: UGameplayTagsManager::ConstructGameplayTagTree: Construct from data asset -  0.000 s
[2017.02.05-11.27.34:085][  0]LogStats: UGameplayTagsManager::ConstructGameplayTagTree: GameplayTagTreeChangedEvent.Broadcast -  0.000 s
[2017.02.05-11.27.34:086][  0]LogContentBrowser: Native class hierarchy updated for 'GameplayTags' in 0.0007 seconds. Added 13 classes and 0 folders.
[2017.02.05-11.27.34:450][  0]LogContentBrowser: Native class hierarchy updated for 'WidgetCarousel' in 0.0006 seconds. Added 0 classes and 0 folders.
[2017.02.05-11.27.35:265][  0]LogContentBrowser: Native class hierarchy updated for 'AddContentDialog' in 0.0007 seconds. Added 0 classes and 0 folders.
[2017.02.05-11.27.35:481][  0]LogContentBrowser: Native class hierarchy updated for 'SceneOutliner' in 0.0007 seconds. Added 1 classes and 2 folders.
[2017.02.05-11.27.35:673][  0]LogCrashTracker: Crashtracker disabled due to settings.
[2017.02.05-11.27.35:680][  0]LogUObjectGlobals:Warning: Failed to find object 'Class None.'
[2017.02.05-11.27.35:929][  0]LogContentBrowser: Native class hierarchy updated for 'HierarchicalLODOutliner' in 0.0007 seconds. Added 1 classes and 2 folders.
[2017.02.05-11.27.35:929][  0]LogLoad: (Engine Initialization) Total time: 63.64 seconds
[2017.02.05-11.27.35:929][  0]LogLoad: (Engine Initialization) Total Blueprint compile time: 0.27 seconds
[2017.02.05-11.27.35:929][  0]LogExternalProfiler: Found external profiler: VSPerf
[2017.02.05-11.27.35:929][  0]LogExternalProfiler: Using external profiler: VSPerf
[2017.02.05-11.27.36:269][  0]LogOcInput: OculusInput pre-init called
[2017.02.05-11.27.36:293][  0]LogContentStreaming: Texture pool size now 1000 MB
[2017.02.05-11.27.36:559][  0]LogRenderer: Reallocating scene render targets to support 1000x576 NumSamples 1 (Frame:2).
[2017.02.05-11.27.36:632][  1]LogAssetRegistry: Asset discovery search completed in 43.3204 seconds
[2017.02.05-11.27.36:632][  1]LogCollectionManager: Rebuilt the object cache for 1 collections in 0.000008 seconds (found 0 objects)
[2017.02.05-11.27.36:632][  1]LogCollectionManager: Fixed up redirectors for 1 collections in 0.000024 seconds (updated 0 objects)
[2017.02.05-11.28.54:886][444]LogTemp: Repeting last play command: New Editor Window (PIE)
[2017.02.05-11.28.54:900][444]LogBlueprintUserMessages: Early PlayInEditor Detection: Level '/Game/Maps/LogosMap.LogosMap:PersistentLevel' has LevelScriptBlueprint '/Game/Maps/LogosMap.LogosMap:PersistentLevel.LogosMap' with GeneratedClass '/Game/Maps/LogosMap.LogosMap_C' with ClassGeneratedBy '/Game/Maps/LogosMap.LogosMap:PersistentLevel.LogosMap'
[2017.02.05-11.28.54:900][444]LogPlayLevel: PlayLevel: No blueprints needed recompiling
[2017.02.05-11.28.54:901][444]PIE: New page: PIE session: LogosMap (05 Feb 2017, 3:28:54 PM)
[2017.02.05-11.28.54:901][444]LogPlayLevel: Creating play world package: /Game/Maps/UEDPIE_0_LogosMap
[2017.02.05-11.28.54:902][444]LogPlayLevel: PIE: StaticDuplicateObject took: (0.001373s)
[2017.02.05-11.28.54:903][444]LogAIModule: Creating AISystem for world LogosMap
[2017.02.05-11.28.54:903][444]LogPlayLevel: PIE: World Init took: (0.000788s)
[2017.02.05-11.28.54:903][444]LogPlayLevel: PIE: Created PIE world by copying editor world from /Game/Maps/LogosMap.LogosMap to /Game/Maps/UEDPIE_0_LogosMap.LogosMap (0.002403s)
[2017.02.05-11.28.54:952][444]LogInit: XAudio2 using 'SAMSUNG-4 (NVIDIA High Definition Audio)' : 2 channels at 48 kHz using 16 bits per sample (channel mask 0x3)
[2017.02.05-11.28.54:965][444]LogInit: FAudioDevice initialized.
[2017.02.05-11.28.55:291][444]LogLoad: Game class is 'BP_GameMode_C'
[2017.02.05-11.28.55:294][444]LogWorld: Bringing World /Game/Maps/UEDPIE_0_LogosMap.LogosMap up for play (max tick rate 0) at 2017.02.05-13.28.55
[2017.02.05-11.28.55:294][444]LogWorld: Bringing up level for play took: 0.000742
[2017.02.05-11.28.55:514][444]LogContentBrowser: Native class hierarchy updated for 'MovieSceneCapture' in 0.0008 seconds. Added 11 classes and 0 folders.
[2017.02.05-11.28.55:520][444]PIE: Info Play in editor start time for /Game/Maps/UEDPIE_0_LogosMap -0,018
[2017.02.05-11.28.55:520][444]LogBlueprintUserMessages: Late PlayInEditor Detection: Level '/Game/Maps/LogosMap.LogosMap:PersistentLevel' has LevelScriptBlueprint '/Game/Maps/LogosMap.LogosMap:PersistentLevel.LogosMap' with GeneratedClass '/Game/Maps/LogosMap.LogosMap_C' with ClassGeneratedBy '/Game/Maps/LogosMap.LogosMap:PersistentLevel.LogosMap'
[2017.02.05-11.28.55:547][444]LogRenderer: Reallocating scene render targets to support 1292x756 NumSamples 1 (Frame:199).
[2017.02.05-11.29.00:188][909]LogNet: Browse: /Game/Maps/SIgnInMap
[2017.02.05-11.29.00:188][909]LogLoad: LoadMap: /Game/Maps/SIgnInMap
[2017.02.05-11.29.00:199][909]Cmd: MEM
[2017.02.05-11.29.00:209][909]LogMemory: Platform Memory Stats for Windows
[2017.02.05-11.29.00:209][909]LogMemory: Process Physical Memory: 973.54 MB used, 977.54 MB peak
[2017.02.05-11.29.00:209][909]LogMemory: Process Virtual Memory: 1397.27 MB used, 1503.33 MB peak
[2017.02.05-11.29.00:209][909]LogMemory: Physical Memory: 6848.52 MB used,  9505.43 MB free, 16353.95 MB total
[2017.02.05-11.29.00:209][909]LogMemory: Virtual Memory: 2318.91 MB used,  9505.43 MB free, 134217728.00 MB total
[2017.02.05-11.29.00:209][909]LogMemory: 
[2017.02.05-11.29.00:209][909]Allocator Stats for TBB: (not implemented)
[2017.02.05-11.29.00:734][909]LogAIModule: Creating AISystem for world SignInMap
[2017.02.05-11.29.00:734][909]LogLoad: Game class is 'BP_GameMode_C'
[2017.02.05-11.29.00:737][909]LogWorld: Bringing World /Game/Maps/UEDPIE_0_SIgnInMap.SignInMap up for play (max tick rate 0) at 2017.02.05-13.29.00
[2017.02.05-11.29.00:737][909]LogWorld: Bringing up level for play took: 0.001337
[2017.02.05-11.29.00:738][909]LogGameMode: Warning - PATHS NOT DEFINED or NO PLAYERSTART with positive rating
[2017.02.05-11.29.00:742][909]LogVaRest: Request (urlencoded): GET http://45.56.87.189/Home/IsDeviceRegistered/52aae7e676a18f176c03b5f259f612b7 
[2017.02.05-11.29.00:742][909]LogLoad: Took 0.554310 seconds to LoadMap(/Game/Maps/SIgnInMap)
[2017.02.05-11.29.01:467][985]LogHttp:Warning: 000001B6A365A200: request has been successfully processed. URL: http://45.56.87.189/Home/IsDeviceRegistered/52aae7e676a18f176c03b5f259f612b7, HTTP code: 502, content length: 182, actual payload size: 182
[2017.02.05-11.29.01:467][985]LogHttp:Warning: 000001B6A365A200 Response Header Server: nginx/1.10.0 (Ubuntu)
[2017.02.05-11.29.01:468][985]LogHttp:Warning: 000001B6A365A200 Response Header Date: Sun, 05 Feb 2017 11:29:01 GMT
[2017.02.05-11.29.01:468][985]LogHttp:Warning: 000001B6A365A200 Response Header Content-Type: text/html
[2017.02.05-11.29.01:468][985]LogHttp:Warning: 000001B6A365A200 Response Header Content-Length: 182
[2017.02.05-11.29.01:468][985]LogHttp:Warning: 000001B6A365A200 Response Header Connection: keep-alive
[2017.02.05-11.29.01:468][985]LogVaRest: Response (502): <html>
<head><title>502 Bad Gateway</title></head>
<body bgcolor="white">
<center><h1>502 Bad Gateway</h1></center>
<hr><center>nginx/1.10.0 (Ubuntu)</center>
</body>
</html>

[2017.02.05-11.29.12:470][165]LogBlueprintUserMessages: Early EndPlayMap Detection: Level '/Game/Maps/LogosMap.LogosMap:PersistentLevel' has LevelScriptBlueprint '/Game/Maps/LogosMap.LogosMap:PersistentLevel.LogosMap' with GeneratedClass '/Game/Maps/LogosMap.LogosMap_C' with ClassGeneratedBy '/Game/Maps/LogosMap.LogosMap:PersistentLevel.LogosMap'
[2017.02.05-11.29.12:516][165]LogBlueprintUserMessages: Late EndPlayMap Detection: Level '/Game/Maps/LogosMap.LogosMap:PersistentLevel' has LevelScriptBlueprint '/Game/Maps/LogosMap.LogosMap:PersistentLevel.LogosMap' with GeneratedClass '/Game/Maps/LogosMap.LogosMap_C' with ClassGeneratedBy '/Game/Maps/LogosMap.LogosMap:PersistentLevel.LogosMap'
[2017.02.05-11.29.33:951][819]LogAIModule: Creating AISystem for world GameplayMap
[2017.02.05-11.29.33:972][819]Cmd: MAP LOAD FILE="D:/Dev/2017/NoBirdsWereHarmed/BirdsAndPaintballs/Content/Maps/GameplayMap.umap" TEMPLATE=0 SHOWPROGRESS=1 FEATURELEVEL=3
[2017.02.05-11.29.33:972][819]LightingResults: New page: Lighting Build
[2017.02.05-11.29.33:973][819]LoadErrors: New page: Loading map: GameplayMap.umap
[2017.02.05-11.29.33:974][819]MapCheck: New page: Map Check
[2017.02.05-11.29.33:974][819]LightingResults: New page: Lighting Build
[2017.02.05-11.29.34:039][819]LogEditorServer: Finished looking for orphan Actors (0.000 secs)
[2017.02.05-11.29.34:062][819]Cmd: MAP CHECKDEP NOCLEARLOG
[2017.02.05-11.29.34:192][819]MapCheck: Info Map check complete: 0 Error(s), 0 Warning(s), took 129,162ms to complete.
[2017.02.05-11.29.34:193][819]LogFileHelpers: Loading map 'GameplayMap' took 0.222
[2017.02.05-11.29.36:060][ 23]LogTemp: Repeting last play command: New Editor Window (PIE)
[2017.02.05-11.29.36:073][ 23]LogBlueprintUserMessages: Early PlayInEditor Detection: Level '/Game/Maps/GameplayMap.GameplayMap:PersistentLevel' has LevelScriptBlueprint '/Game/Maps/GameplayMap.GameplayMap:PersistentLevel.GameplayMap' with GeneratedClass '/Game/Maps/GameplayMap.GameplayMap_C' with ClassGeneratedBy '/Game/Maps/GameplayMap.GameplayMap:PersistentLevel.GameplayMap'
[2017.02.05-11.29.36:073][ 23]LogPlayLevel: PlayLevel: No blueprints needed recompiling
[2017.02.05-11.29.36:073][ 23]PIE: New page: PIE session: GameplayMap (05 Feb 2017, 3:29:36 PM)
[2017.02.05-11.29.36:073][ 23]LogPlayLevel: Creating play world package: /Game/Maps/UEDPIE_0_GameplayMap
[2017.02.05-11.29.36:078][ 23]LogPlayLevel: PIE: StaticDuplicateObject took: (0.004894s)
[2017.02.05-11.29.36:079][ 23]LogAIModule: Creating AISystem for world GameplayMap
[2017.02.05-11.29.36:079][ 23]LogPlayLevel: PIE: World Init took: (0.000642s)
[2017.02.05-11.29.36:079][ 23]LogPlayLevel: PIE: Created PIE world by copying editor world from /Game/Maps/GameplayMap.GameplayMap to /Game/Maps/UEDPIE_0_GameplayMap.GameplayMap (0.005778s)
[2017.02.05-11.29.36:150][ 23]LogInit: XAudio2 using 'SAMSUNG-4 (NVIDIA High Definition Audio)' : 2 channels at 48 kHz using 16 bits per sample (channel mask 0x3)
[2017.02.05-11.29.36:164][ 23]LogInit: FAudioDevice initialized.
[2017.02.05-11.29.36:214][ 23]LogLoad: Game class is 'BP_GameMode_C'
[2017.02.05-11.29.36:217][ 23]LogWorld: Bringing World /Game/Maps/UEDPIE_0_GameplayMap.GameplayMap up for play (max tick rate 0) at 2017.02.05-13.29.36
[2017.02.05-11.29.36:218][ 23]LogWorld: Bringing up level for play took: 0.001899
[2017.02.05-11.29.36:225][ 23]PIE: Info Play in editor start time for /Game/Maps/UEDPIE_0_GameplayMap 0,687
[2017.02.05-11.29.36:226][ 23]LogBlueprintUserMessages: Late PlayInEditor Detection: Level '/Game/Maps/GameplayMap.GameplayMap:PersistentLevel' has LevelScriptBlueprint '/Game/Maps/GameplayMap.GameplayMap:PersistentLevel.GameplayMap' with GeneratedClass '/Game/Maps/GameplayMap.GameplayMap_C' with ClassGeneratedBy '/Game/Maps/GameplayMap.GameplayMap:PersistentLevel.GameplayMap'
[2017.02.05-11.41.23:610][881]LogBlueprintUserMessages: Early EndPlayMap Detection: Level '/Game/Maps/GameplayMap.GameplayMap:PersistentLevel' has LevelScriptBlueprint '/Game/Maps/GameplayMap.GameplayMap:PersistentLevel.GameplayMap' with GeneratedClass '/Game/Maps/GameplayMap.GameplayMap_C' with ClassGeneratedBy '/Game/Maps/GameplayMap.GameplayMap:PersistentLevel.GameplayMap'
[2017.02.05-11.41.23:659][881]LogBlueprintUserMessages: Late EndPlayMap Detection: Level '/Game/Maps/GameplayMap.GameplayMap:PersistentLevel' has LevelScriptBlueprint '/Game/Maps/GameplayMap.GameplayMap:PersistentLevel.GameplayMap' with GeneratedClass '/Game/Maps/GameplayMap.GameplayMap_C' with ClassGeneratedBy '/Game/Maps/GameplayMap.GameplayMap:PersistentLevel.GameplayMap'
[2017.02.05-11.42.04:369][795]LogEditorViewport: Clicking on Actor (LMB): BP_Bird_C (BP_Bird)
[2017.02.05-11.42.12:562][740]LogEditorViewport: Clicking on Actor (LMB): BP_Sky_Sphere_C (Sky Sphere)
[2017.02.05-11.42.13:796][884]LogEditorViewport: Clicking on Actor (LMB): BP_Sky_Sphere_C (Sky Sphere)
[2017.02.05-11.42.21:086][753]Cmd: TRANSACTION UNDO
[2017.02.05-11.42.21:086][753]LogEditorTransaction: Undo Clicking on Actors
[2017.02.05-11.42.23:473][ 21]Cmd: TRANSACTION UNDO
[2017.02.05-11.42.23:473][ 21]LogEditorTransaction: Undo Clicking on Actors
[2017.02.05-11.42.25:293][236]Cmd: TRANSACTION UNDO
[2017.02.05-11.42.25:293][236]LogEditorTransaction: Undo Move Actors
[2017.02.05-11.42.29:297][710]LogEditorViewport: Clicking on Actor (LMB): BP_Sky_Sphere_C (Sky Sphere)
[2017.02.05-11.42.32:536][ 51]Cmd: OBJ SAVEPACKAGE PACKAGE="/Game/Maps/GameplayMap" FILE="D:/Dev/2017/NoBirdsWereHarmed/BirdsAndPaintballs/Content/Maps/GameplayMap.umap" SILENT=true AUTOSAVING=false KEEPDIRTY=false
[2017.02.05-11.42.32:705][ 51]LogSavePackage: Save=103.34ms
[2017.02.05-11.42.32:705][ 51]LogSavePackage: Moving 'D:/Dev/2017/NoBirdsWereHarmed/BirdsAndPaintballs/Saved/GameplayMap2E7EE93A4ADF57A5DEF72BB03A23E45A.tmp' to 'D:/Dev/2017/NoBirdsWereHarmed/BirdsAndPaintballs/Content/Maps/GameplayMap.umap'
[2017.02.05-11.42.32:710][ 51]LogSavePackage:Display: Finished SavePackage D:/Dev/2017/NoBirdsWereHarmed/BirdsAndPaintballs/Content/Maps/GameplayMap.umap
[2017.02.05-11.42.32:734][ 51]LogFileHelpers: Saving map 'GameplayMap' took 0.330
[2017.02.05-11.42.35:518][344]LogTemp: Repeting last play command: New Editor Window (PIE)
[2017.02.05-11.42.35:531][344]LogBlueprintUserMessages: Early PlayInEditor Detection: Level '/Game/Maps/GameplayMap.GameplayMap:PersistentLevel' has LevelScriptBlueprint '/Game/Maps/GameplayMap.GameplayMap:PersistentLevel.GameplayMap' with GeneratedClass '/Game/Maps/GameplayMap.GameplayMap_C' with ClassGeneratedBy '/Game/Maps/GameplayMap.GameplayMap:PersistentLevel.GameplayMap'
[2017.02.05-11.42.35:531][344]LogPlayLevel: PlayLevel: No blueprints needed recompiling
[2017.02.05-11.42.35:531][344]PIE: New page: PIE session: GameplayMap (05 Feb 2017, 3:42:35 PM)
[2017.02.05-11.42.35:531][344]LogPlayLevel: Creating play world package: /Game/Maps/UEDPIE_0_GameplayMap
[2017.02.05-11.42.35:536][344]LogPlayLevel: PIE: StaticDuplicateObject took: (0.004613s)
[2017.02.05-11.42.35:537][344]LogAIModule: Creating AISystem for world GameplayMap
[2017.02.05-11.42.35:537][344]LogPlayLevel: PIE: World Init took: (0.000671s)
[2017.02.05-11.42.35:537][344]LogPlayLevel: PIE: Created PIE world by copying editor world from /Game/Maps/GameplayMap.GameplayMap to /Game/Maps/UEDPIE_0_GameplayMap.GameplayMap (0.005490s)
[2017.02.05-11.42.35:586][344]LogInit: XAudio2 using 'SAMSUNG-4 (NVIDIA High Definition Audio)' : 2 channels at 48 kHz using 16 bits per sample (channel mask 0x3)
[2017.02.05-11.42.35:599][344]LogInit: FAudioDevice initialized.
[2017.02.05-11.42.35:643][344]LogLoad: Game class is 'BP_GameMode_C'
[2017.02.05-11.42.35:646][344]LogWorld: Bringing World /Game/Maps/UEDPIE_0_GameplayMap.GameplayMap up for play (max tick rate 0) at 2017.02.05-13.42.35
[2017.02.05-11.42.35:646][344]LogWorld: Bringing up level for play took: 0.001780
[2017.02.05-11.42.35:652][344]PIE: Info Play in editor start time for /Game/Maps/UEDPIE_0_GameplayMap 0,114
[2017.02.05-11.42.35:653][344]LogBlueprintUserMessages: Late PlayInEditor Detection: Level '/Game/Maps/GameplayMap.GameplayMap:PersistentLevel' has LevelScriptBlueprint '/Game/Maps/GameplayMap.GameplayMap:PersistentLevel.GameplayMap' with GeneratedClass '/Game/Maps/GameplayMap.GameplayMap_C' with ClassGeneratedBy '/Game/Maps/GameplayMap.GameplayMap:PersistentLevel.GameplayMap'
[2017.02.05-11.42.50:219][819]LogBlueprintUserMessages: Early EndPlayMap Detection: Level '/Game/Maps/GameplayMap.GameplayMap:PersistentLevel' has LevelScriptBlueprint '/Game/Maps/GameplayMap.GameplayMap:PersistentLevel.GameplayMap' with GeneratedClass '/Game/Maps/GameplayMap.GameplayMap_C' with ClassGeneratedBy '/Game/Maps/GameplayMap.GameplayMap:PersistentLevel.GameplayMap'
[2017.02.05-11.42.50:281][819]LogBlueprintUserMessages: Late EndPlayMap Detection: Level '/Game/Maps/GameplayMap.GameplayMap:PersistentLevel' has LevelScriptBlueprint '/Game/Maps/GameplayMap.GameplayMap:PersistentLevel.GameplayMap' with GeneratedClass '/Game/Maps/GameplayMap.GameplayMap_C' with ClassGeneratedBy '/Game/Maps/GameplayMap.GameplayMap:PersistentLevel.GameplayMap'
[2017.02.05-12.40.01:288][780]Cmd: QUIT_EDITOR
[2017.02.05-12.40.02:306][780]LogWindowsTextInputMethodSystem:Display: IME system now deactivated.
[2017.02.05-12.40.02:331][780]LogExit: Preparing to exit.
[2017.02.05-12.40.03:673][780]LogExit: Editor shut down
[2017.02.05-12.40.03:673][780]LogExit: Transaction tracking system shut down
[2017.02.05-12.40.03:731][780]LogObj: Freed 0b from 0 cluster array pools.
[2017.02.05-12.40.03:731][780]LogExit: Object subsystem successfully closed.
[2017.02.05-12.40.03:741][780]LogD3D11RHI: Shutdown
[2017.02.05-12.40.03:741][780]LogD3D11RHI: CleanupD3DDevice
[2017.02.05-12.40.03:854][780]LogD3D11RHI: ~FD3D11DynamicRHI
[2017.02.05-12.40.03:919][780]LogHttp:Display: Http module shutting down, but needs to wait on 1 outstanding Http requests:
[2017.02.05-12.40.03:919][780]LogHttp:Display: 	verb=[POST] url=[https://datarouter.ol.epicgames.com/datarouter/api/v1/public/data?SessionID=%7B02EEAD79-49C1-8BA0-129B-BC987C310859%7D&AppID=UEEditor.Rocket.Release&AppVersion=4.14.3-3249277%2B%2B%2BUE4%2BRelease-4.14&UserID=c452a7f946716cbb512716a2b3b96740%7C5bb5f75855be4f76bd1da281ae956219%7Ca9e0d42f-ecbe-4066-8dcc-69041ee3ae0d&AppEnvironment=datacollector-binary&UploadType=eteventstream] status=Processing
[2017.02.05-12.40.03:950][780]LogModuleManager: Shutting down and abandoning module MovieSceneCapture (244)
[2017.02.05-12.40.03:950][780]LogModuleManager: Shutting down and abandoning module HierarchicalLODOutliner (243)
[2017.02.05-12.40.03:950][780]LogModuleManager: Shutting down and abandoning module CrashTracker (242)
[2017.02.05-12.40.03:950][780]LogModuleManager: Shutting down and abandoning module SceneOutliner (241)
[2017.02.05-12.40.03:950][780]LogModuleManager: Shutting down and abandoning module WidgetCarousel (240)
[2017.02.05-12.40.03:950][780]LogModuleManager: Shutting down and abandoning module AddContentDialog (239)
[2017.02.05-12.40.03:950][780]LogDirectoryWatcher: A directory notification for 'C:/Epic Games/4.14/FeaturePacks/' was aborted.
[2017.02.05-12.40.03:951][780]LogModuleManager: Shutting down and abandoning module GameplayTags (238)
[2017.02.05-12.40.03:951][780]LogModuleManager: Shutting down and abandoning module EditorWidgets (237)
[2017.02.05-12.40.03:951][780]LogModuleManager: Shutting down and abandoning module CollectionManager (236)
[2017.02.05-12.40.03:951][780]LogDirectoryWatcher: A directory notification for 'D:/Dev/2017/NoBirdsWereHarmed/BirdsAndPaintballs/Content/Collections/' was aborted.
[2017.02.05-12.40.03:951][780]LogDirectoryWatcher: A directory notification for 'D:/Dev/2017/NoBirdsWereHarmed/BirdsAndPaintballs/Content/Developers/Mariu/Collections/' was aborted.
[2017.02.05-12.40.03:951][780]LogDirectoryWatcher: A directory notification for 'D:/Dev/2017/NoBirdsWereHarmed/BirdsAndPaintballs/Saved/Collections/' was aborted.
[2017.02.05-12.40.03:951][780]LogModuleManager: Shutting down and abandoning module StatsViewer (235)
[2017.02.05-12.40.03:951][780]LogModuleManager: Shutting down and abandoning module FoliageEdit (234)
[2017.02.05-12.40.03:951][780]LogModuleManager: Shutting down and abandoning module LandscapeEditor (233)
[2017.02.05-12.40.03:951][780]LogModuleManager: Shutting down and abandoning module SceneDepthPickerMode (232)
[2017.02.05-12.40.03:951][780]LogModuleManager: Shutting down and abandoning module ActorPickerMode (231)
[2017.02.05-12.40.03:951][780]LogModuleManager: Shutting down and abandoning module GeometryMode (230)
[2017.02.05-12.40.03:951][780]LogModuleManager: Shutting down and abandoning module TextureAlignMode (229)
[2017.02.05-12.40.03:951][780]LogModuleManager: Shutting down and abandoning module BspMode (228)
[2017.02.05-12.40.03:951][780]LogModuleManager: Shutting down and abandoning module HardwareSurvey (227)
[2017.02.05-12.40.03:951][780]LogModuleManager: Shutting down and abandoning module SequenceRecorderSections (226)
[2017.02.05-12.40.03:951][780]LogModuleManager: Shutting down and abandoning module AutomationWorker (225)
[2017.02.05-12.40.03:951][780]LogModuleManager: Shutting down and abandoning module MatineeToLevelSequence (224)
[2017.02.05-12.40.03:951][780]LogModuleManager: Shutting down and abandoning module PlacementMode (223)
[2017.02.05-12.40.03:951][780]LogModuleManager: Shutting down and abandoning module LevelSequenceEditor (222)
[2017.02.05-12.40.03:951][780]LogModuleManager: Shutting down and abandoning module WmfMediaFactory (221)
[2017.02.05-12.40.03:951][780]LogModuleManager: Shutting down and abandoning module WmfMediaEditor (220)
[2017.02.05-12.40.03:951][780]LogModuleManager: Shutting down and abandoning module AvfMediaFactory (219)
[2017.02.05-12.40.03:951][780]LogModuleManager: Shutting down and abandoning module AvfMediaEditor (218)
[2017.02.05-12.40.03:951][780]LogModuleManager: Shutting down and abandoning module Media (217)
[2017.02.05-12.40.03:951][780]LogModuleManager: Shutting down and abandoning module AndroidMediaFactory (216)
[2017.02.05-12.40.03:951][780]LogModuleManager: Shutting down and abandoning module AndroidMediaEditor (215)
[2017.02.05-12.40.03:951][780]LogModuleManager: Shutting down and abandoning module CharacterAI (214)
[2017.02.05-12.40.03:951][780]LogModuleManager: Shutting down and abandoning module SequenceRecorder (213)
[2017.02.05-12.40.03:951][780]LogModuleManager: Shutting down and abandoning module AudioCapture (212)
[2017.02.05-12.40.03:951][780]LogModuleManager: Shutting down and abandoning module SmartSnapping (211)
[2017.02.05-12.40.03:951][780]LogModuleManager: Shutting down and abandoning module SessionServices (210)
[2017.02.05-12.40.03:952][780]LogModuleManager: Shutting down and abandoning module ViewportSnapping (209)
[2017.02.05-12.40.03:952][780]LogModuleManager: Shutting down and abandoning module ViewportInteraction (208)
[2017.02.05-12.40.03:952][780]LogModuleManager: Shutting down and abandoning module LogVisualizer (207)
[2017.02.05-12.40.03:952][780]LogModuleManager: Shutting down and abandoning module GameProjectGeneration (206)
[2017.02.05-12.40.03:952][780]LogModuleManager: Shutting down and abandoning module IntroTutorials (205)
[2017.02.05-12.40.03:952][780]LogModuleManager: Shutting down and abandoning module EditorLiveStreaming (204)
[2017.02.05-12.40.03:952][780]LogModuleManager: Shutting down and abandoning module IOSPlatformEditor (203)
[2017.02.05-12.40.03:952][780]LogModuleManager: Shutting down and abandoning module HTML5PlatformEditor (202)
[2017.02.05-12.40.03:952][780]LogModuleManager: Shutting down and abandoning module AndroidDeviceDetection (201)
[2017.02.05-12.40.04:010][780]LogModuleManager: Shutting down and abandoning module AndroidPlatformEditor (200)
[2017.02.05-12.40.04:010][780]LogModuleManager: Shutting down and abandoning module IOSRuntimeSettings (199)
[2017.02.05-12.40.04:010][780]LogModuleManager: Shutting down and abandoning module AndroidRuntimeSettings (198)
[2017.02.05-12.40.04:010][780]LogModuleManager: Shutting down and abandoning module InputBindingEditor (197)
[2017.02.05-12.40.04:010][780]LogModuleManager: Shutting down and abandoning module NiagaraEditor (196)
[2017.02.05-12.40.04:010][780]LogModuleManager: Shutting down and abandoning module MergeActors (195)
[2017.02.05-12.40.04:010][780]LogModuleManager: Shutting down and abandoning module SizeMap (194)
[2017.02.05-12.40.04:010][780]LogModuleManager: Shutting down and abandoning module TreeMap (193)
[2017.02.05-12.40.04:010][780]LogModuleManager: Shutting down and abandoning module ReferenceViewer (192)
[2017.02.05-12.40.04:010][780]LogModuleManager: Shutting down and abandoning module LocalizationService (191)
[2017.02.05-12.40.04:010][780]LogModuleManager: Shutting down and abandoning module LocalizationDashboard (190)
[2017.02.05-12.40.04:010][780]LogModuleManager: Shutting down and abandoning module HardwareTargeting (189)
[2017.02.05-12.40.04:010][780]LogModuleManager: Shutting down and abandoning module DeviceProfileEditor (188)
[2017.02.05-12.40.04:010][780]LogModuleManager: Shutting down and abandoning module UndoHistory (187)
[2017.02.05-12.40.04:010][780]LogModuleManager: Shutting down and abandoning module UserFeedback (186)
[2017.02.05-12.40.04:010][780]LogModuleManager: Shutting down and abandoning module XmlParser (185)
[2017.02.05-12.40.04:010][780]LogModuleManager: Shutting down and abandoning module Blutility (184)
[2017.02.05-12.40.04:010][780]LogModuleManager: Shutting down and abandoning module ProjectTargetPlatformEditor (183)
[2017.02.05-12.40.04:011][780]LogModuleManager: Shutting down and abandoning module ProjectSettingsViewer (182)
[2017.02.05-12.40.04:011][780]LogModuleManager: Shutting down and abandoning module EditorSettingsViewer (181)
[2017.02.05-12.40.04:011][780]LogModuleManager: Shutting down and abandoning module SettingsEditor (180)
[2017.02.05-12.40.04:011][780]LogModuleManager: Shutting down and abandoning module ProjectLauncher (179)
[2017.02.05-12.40.04:011][780]LogModuleManager: Shutting down and abandoning module SessionFrontend (178)
[2017.02.05-12.40.04:011][780]LogModuleManager: Shutting down and abandoning module ProfilerClient (177)
[2017.02.05-12.40.04:011][780]LogModuleManager: Shutting down and abandoning module TargetDeviceServices (176)
[2017.02.05-12.40.04:011][780]LogModuleManager: Shutting down and abandoning module DeviceManager (175)
[2017.02.05-12.40.04:066][780]LogModuleManager: Shutting down and abandoning module AutomationController (174)
[2017.02.05-12.40.04:066][780]LogModuleManager: Shutting down and abandoning module AutomationWindow (173)
[2017.02.05-12.40.04:066][780]LogModuleManager: Shutting down and abandoning module Layers (172)
[2017.02.05-12.40.04:066][780]LogModuleManager: Shutting down and abandoning module ComponentVisualizers (171)
[2017.02.05-12.40.04:066][780]LogModuleManager: Shutting down and abandoning module DetailCustomizations (170)
[2017.02.05-12.40.04:066][780]LogModuleManager: Shutting down and abandoning module PackagesDialog (169)
[2017.02.05-12.40.04:066][780]LogModuleManager: Shutting down and abandoning module AnimGraph (168)
[2017.02.05-12.40.04:066][780]LogModuleManager: Shutting down and abandoning module Persona (167)
[2017.02.05-12.40.04:066][780]LogModuleManager: Shutting down and abandoning module Kismet (166)
[2017.02.05-12.40.04:067][780]LogModuleManager: Shutting down and abandoning module GraphEditor (165)
[2017.02.05-12.40.04:067][780]LogModuleManager: Shutting down and abandoning module ClassViewer (164)
[2017.02.05-12.40.04:067][780]LogModuleManager: Shutting down and abandoning module Toolbox (163)
[2017.02.05-12.40.04:067][780]LogModuleManager: Shutting down and abandoning module ModuleUI (162)
[2017.02.05-12.40.04:067][780]LogModuleManager: Shutting down and abandoning module MovieSceneTools (161)
[2017.02.05-12.40.04:067][780]LogModuleManager: Shutting down and abandoning module OutputLog (160)
[2017.02.05-12.40.04:067][780]LogModuleManager: Shutting down and abandoning module GammaUI (159)
[2017.02.05-12.40.04:067][780]LogModuleManager: Shutting down and abandoning module Documentation (158)
[2017.02.05-12.40.04:067][780]LogModuleManager: Shutting down and abandoning module Niagara (157)
[2017.02.05-12.40.04:067][780]LogModuleManager: Shutting down and abandoning module StreamingPauseRendering (156)
[2017.02.05-12.40.04:067][780]LogModuleManager: Shutting down and abandoning module AnalyticsET (155)
[2017.02.05-12.40.04:067][780]LogModuleManager: Shutting down and abandoning module PortalServices (154)
[2017.02.05-12.40.04:067][780]LogModuleManager: Shutting down and abandoning module PortalRpc (153)
[2017.02.05-12.40.04:067][780]LogModuleManager: Shutting down and abandoning module MessagingRpc (152)
[2017.02.05-12.40.04:067][780]LogModuleManager: Shutting down and abandoning module GameplayDebugger (151)
[2017.02.05-12.40.04:067][780]LogModuleManager: Shutting down and abandoning module AITestSuite (150)
[2017.02.05-12.40.04:067][780]LogModuleManager: Shutting down and abandoning module AIModule (149)
[2017.02.05-12.40.04:067][780]LogModuleManager: Shutting down and abandoning module ProfilerService (148)
[2017.02.05-12.40.04:311][780]LogModuleManager: Shutting down and abandoning module TaskGraph (147)
[2017.02.05-12.40.04:311][780]LogModuleManager: Shutting down and abandoning module SlateRemote (146)
[2017.02.05-12.40.04:311][780]LogModuleManager: Shutting down and abandoning module SteamVRController (145)
[2017.02.05-12.40.04:311][780]LogModuleManager: Shutting down and abandoning module SteamVR (144)
[2017.02.05-12.40.04:311][780]LogModuleManager: Shutting down and abandoning module ProceduralMeshComponentEditor (143)
[2017.02.05-12.40.04:311][780]LogModuleManager: Shutting down and abandoning module ProceduralMeshComponent (142)
[2017.02.05-12.40.04:311][780]LogModuleManager: Shutting down and abandoning module OculusLibrary (141)
[2017.02.05-12.40.04:311][780]LogModuleManager: Shutting down and abandoning module OculusInput (140)
[2017.02.05-12.40.04:311][780]LogModuleManager: Shutting down and abandoning module MobilePatchingUtils (139)
[2017.02.05-12.40.04:311][780]LogModuleManager: Shutting down and abandoning module CustomMeshComponent (138)
[2017.02.05-12.40.04:311][780]LogModuleManager: Shutting down and abandoning module CableComponent (137)
[2017.02.05-12.40.04:311][780]LogModuleManager: Shutting down and abandoning module ArchVisCharacter (136)
[2017.02.05-12.40.04:311][780]LogModuleManager: Shutting down and abandoning module MediaPlayerEditor (134)
[2017.02.05-12.40.04:311][780]LogModuleManager: Shutting down and abandoning module VaRestEditorPlugin (133)
[2017.02.05-12.40.04:311][780]LogModuleManager: Shutting down and abandoning module HTML5Networking (132)
[2017.02.05-12.40.04:311][780]LogModuleManager: Shutting down and abandoning module GeometryCacheEd (131)
[2017.02.05-12.40.04:311][780]LogModuleManager: Shutting down and abandoning module GeometryCache (130)
[2017.02.05-12.40.04:311][780]LogModuleManager: Shutting down and abandoning module AlembicLibrary (129)
[2017.02.05-12.40.04:311][780]LogModuleManager: Shutting down and abandoning module AlembicImporter (128)
[2017.02.05-12.40.04:311][780]LogModuleManager: Shutting down and abandoning module SuperSearch (127)
[2017.02.05-12.40.04:311][780]LogModuleManager: Shutting down and abandoning module SuperSearchEditor (126)
[2017.02.05-12.40.04:311][780]LogModuleManager: Shutting down and abandoning module SpeedTreeImporter (125)
[2017.02.05-12.40.04:311][780]LogModuleManager: Shutting down and abandoning module PluginBrowser (124)
[2017.02.05-12.40.04:312][780]LogModuleManager: Shutting down and abandoning module MobileLauncherProfileWizard (123)
[2017.02.05-12.40.04:312][780]LogModuleManager: Shutting down and abandoning module EpicSurvey (122)
[2017.02.05-12.40.04:312][780]LogModuleManager: Shutting down and abandoning module DesktopPlatform (121)
[2017.02.05-12.40.04:312][780]LogModuleManager: Shutting down and abandoning module VisualStudioSourceCodeAccess (120)
[2017.02.05-12.40.04:312][780]LogModuleManager: Shutting down and abandoning module UObjectPlugin (119)
[2017.02.05-12.40.04:312][780]LogModuleManager: Shutting down and abandoning module SubversionSourceControl (118)
[2017.02.05-12.40.04:312][780]LogModuleManager: Shutting down and abandoning module PerforceSourceControl (117)
[2017.02.05-12.40.04:312][780]LogModuleManager: Shutting down and abandoning module SourceControl (116)
[2017.02.05-12.40.04:312][780]LogModuleManager: Shutting down and abandoning module GitSourceControl (115)
[2017.02.05-12.40.04:312][780]LogModuleManager: Shutting down and abandoning module LightPropagationVolumeEditor (114)
[2017.02.05-12.40.04:312][780]LogModuleManager: Shutting down and abandoning module PaperTiledImporter (113)
[2017.02.05-12.40.04:312][780]LogModuleManager: Shutting down and abandoning module PaperSpriteSheetImporter (112)
[2017.02.05-12.40.04:312][780]LogModuleManager: Shutting down and abandoning module MeshPaint (111)
[2017.02.05-12.40.04:312][780]LogModuleManager: Shutting down and abandoning module PixelInspectorModule (110)
[2017.02.05-12.40.04:312][780]LogModuleManager: Shutting down and abandoning module HotReload (109)
[2017.02.05-12.40.04:313][780]LogModuleManager: Shutting down and abandoning module MainFrame (108)
[2017.02.05-12.40.04:313][780]LogModuleManager: Shutting down and abandoning module LevelEditor (107)
[2017.02.05-12.40.04:313][780]LogModuleManager: Shutting down and abandoning module ContentBrowser (106)
[2017.02.05-12.40.04:314][780]LogModuleManager: Shutting down and abandoning module Paper2DEditor (105)
[2017.02.05-12.40.04:314][780]LogModuleManager: Shutting down and abandoning module UdpMessaging (104)
[2017.02.05-12.40.04:415][780]LogModuleManager: Shutting down and abandoning module TcpMessaging (103)
[2017.02.05-12.40.04:517][780]LogModuleManager: Shutting down and abandoning module VaRestPlugin (102)
[2017.02.05-12.40.04:517][780]LogModuleManager: Shutting down and abandoning module LightPropagationVolumeRuntime (101)
[2017.02.05-12.40.04:517][780]LogModuleManager: Shutting down and abandoning module Paper2D (100)
[2017.02.05-12.40.04:517][780]LogModuleManager: Shutting down and abandoning module WindowsMoviePlayer (99)
[2017.02.05-12.40.04:517][780]LogModuleManager: Shutting down and abandoning module WmfMedia (98)
[2017.02.05-12.40.04:517][780]LogModuleManager: Shutting down and abandoning module MediaAssets (97)
[2017.02.05-12.40.04:517][780]LogModuleManager: Shutting down and abandoning module GameLiveStreaming (96)
[2017.02.05-12.40.04:517][780]LogModuleManager: Shutting down and abandoning module GameplayTagsEditor (95)
[2017.02.05-12.40.04:517][780]LogModuleManager: Shutting down and abandoning module VREditor (94)
[2017.02.05-12.40.04:517][780]LogModuleManager: Shutting down and abandoning module GameplayTasksEditor (93)
[2017.02.05-12.40.04:517][780]LogModuleManager: Shutting down and abandoning module BehaviorTreeEditor (92)
[2017.02.05-12.40.04:517][780]LogModuleManager: Shutting down and abandoning module FunctionalTesting (91)
[2017.02.05-12.40.04:517][780]LogModuleManager: Shutting down and abandoning module CollisionAnalyzer (90)
[2017.02.05-12.40.04:517][780]LogModuleManager: Shutting down and abandoning module Sequencer (89)
[2017.02.05-12.40.04:518][780]LogModuleManager: Shutting down and abandoning module WorkspaceMenuStructure (88)
[2017.02.05-12.40.04:518][780]LogModuleManager: Shutting down and abandoning module MessageLog (87)
[2017.02.05-12.40.04:518][780]LogModuleManager: Shutting down and abandoning module AssetTools (86)
[2017.02.05-12.40.04:518][780]LogModuleManager: Shutting down and abandoning module UMGEditor (85)
[2017.02.05-12.40.04:518][780]LogModuleManager: Shutting down and abandoning module UMG (84)
[2017.02.05-12.40.04:518][780]LogModuleManager: Shutting down and abandoning module SlateReflector (83)
[2017.02.05-12.40.04:518][780]LogModuleManager: Shutting down and abandoning module Slate (82)
[2017.02.05-12.40.04:518][780]LogModuleManager: Shutting down and abandoning module EditorStyle (81)
[2017.02.05-12.40.04:523][780]LogModuleManager: Shutting down and abandoning module SourceCodeAccess (80)
[2017.02.05-12.40.04:523][780]LogModuleManager: Shutting down and abandoning module HeadMountedDisplay (79)
[2017.02.05-12.40.04:523][780]LogModuleManager: Shutting down and abandoning module XAudio2 (78)
[2017.02.05-12.40.04:523][780]LogModuleManager: Shutting down and abandoning module Networking (76)
[2017.02.05-12.40.04:523][780]LogModuleManager: Shutting down and abandoning module Core (75)
[2017.02.05-12.40.04:523][780]LogModuleManager: Shutting down and abandoning module DirectoryWatcher (74)
[2017.02.05-12.40.04:523][780]LogDirectoryWatcher: A directory notification for '../../../Engine/Content/' was aborted.
[2017.02.05-12.40.04:523][780]LogDirectoryWatcher: A directory notification for 'D:/Dev/2017/NoBirdsWereHarmed/BirdsAndPaintballs/Content/' was aborted.
[2017.02.05-12.40.04:523][780]LogDirectoryWatcher: A directory notification for '../../../Engine/Plugins/2D/Paper2D/Content/' was aborted.
[2017.02.05-12.40.04:523][780]LogModuleManager: Shutting down and abandoning module AssetRegistry (73)
[2017.02.05-12.40.04:703][780]LogModuleManager: Shutting down and abandoning module KismetCompiler (72)
[2017.02.05-12.40.04:704][780]LogModuleManager: Shutting down and abandoning module PhysXFormats (71)
[2017.02.05-12.40.04:704][780]LogModuleManager: Shutting down and abandoning module SimplygonSwarm (70)
[2017.02.05-12.40.04:704][780]LogModuleManager: Shutting down and abandoning module SimplygonMeshReduction (69)
[2017.02.05-12.40.04:704][780]LogModuleManager: Shutting down and abandoning module QuadricMeshReduction (68)
[2017.02.05-12.40.04:704][780]LogModuleManager: Shutting down and abandoning module PropertyEditor (67)
[2017.02.05-12.40.04:704][780]LogModuleManager: Shutting down and abandoning module MeshUtilities (66)
[2017.02.05-12.40.04:704][780]LogModuleManager: Shutting down and abandoning module DerivedDataCache (65)
[2017.02.05-12.40.04:723][780]LogDerivedDataCache: Shutdown
[2017.02.05-12.40.04:723][780]LogModuleManager: Shutting down and abandoning module VulkanShaderFormat (64)
[2017.02.05-12.40.04:723][780]LogModuleManager: Shutting down and abandoning module ShaderFormatOpenGL (63)
[2017.02.05-12.40.04:723][780]LogModuleManager: Shutting down and abandoning module ShaderFormatD3D (62)
[2017.02.05-12.40.04:723][780]LogModuleManager: Shutting down and abandoning module MetalShaderFormat (61)
[2017.02.05-12.40.04:723][780]LogModuleManager: Shutting down and abandoning module TextureFormatUncompressed (60)
[2017.02.05-12.40.04:723][780]LogModuleManager: Shutting down and abandoning module TextureFormatPVR (59)
[2017.02.05-12.40.04:723][780]LogModuleManager: Shutting down and abandoning module TextureFormatDXT (58)
[2017.02.05-12.40.04:723][780]LogModuleManager: Shutting down and abandoning module TextureFormatIntelISPCTexComp (57)
[2017.02.05-12.40.04:723][780]LogModuleManager: Shutting down and abandoning module ImageWrapper (56)
[2017.02.05-12.40.04:723][780]LogModuleManager: Shutting down and abandoning module TextureFormatASTC (55)
[2017.02.05-12.40.04:723][780]LogModuleManager: Shutting down and abandoning module TextureFormatAndroid (54)
[2017.02.05-12.40.04:723][780]LogModuleManager: Shutting down and abandoning module AudioFormatOpus (53)
[2017.02.05-12.40.04:723][780]LogModuleManager: Shutting down and abandoning module AudioFormatOgg (52)
[2017.02.05-12.40.04:723][780]LogModuleManager: Shutting down and abandoning module AudioFormatADPCM (51)
[2017.02.05-12.40.04:723][780]LogModuleManager: Shutting down and abandoning module LinuxTargetPlatform (50)
[2017.02.05-12.40.04:723][780]LogModuleManager: Shutting down and abandoning module LinuxServerTargetPlatform (49)
[2017.02.05-12.40.04:723][780]LogModuleManager: Shutting down and abandoning module LinuxNoEditorTargetPlatform (48)
[2017.02.05-12.40.04:723][780]LogModuleManager: Shutting down and abandoning module LinuxClientTargetPlatform (47)
[2017.02.05-12.40.04:723][780]LogModuleManager: Shutting down and abandoning module TVOSTargetPlatform (46)
[2017.02.05-12.40.04:723][780]LogModuleManager: Shutting down and abandoning module Messaging (45)
[2017.02.05-12.40.04:723][780]LogModuleManager: Shutting down and abandoning module IOSTargetPlatform (44)
[2017.02.05-12.40.04:723][780]LogModuleManager: Shutting down and abandoning module HTML5TargetPlatform (43)
[2017.02.05-12.40.04:723][780]LogModuleManager: Shutting down and abandoning module Android_PVRTCTargetPlatform (42)
[2017.02.05-12.40.04:723][780]LogModuleManager: Shutting down and abandoning module Android_MultiTargetPlatform (41)
[2017.02.05-12.40.04:723][780]LogModuleManager: Shutting down and abandoning module Android_ETC2TargetPlatform (40)
[2017.02.05-12.40.04:723][780]LogModuleManager: Shutting down and abandoning module Android_ETC1TargetPlatform (39)
[2017.02.05-12.40.04:723][780]LogModuleManager: Shutting down and abandoning module Android_DXTTargetPlatform (38)
[2017.02.05-12.40.04:723][780]LogModuleManager: Shutting down and abandoning module Android_ATCTargetPlatform (37)
[2017.02.05-12.40.04:723][780]LogModuleManager: Shutting down and abandoning module Android_ASTCTargetPlatform (36)
[2017.02.05-12.40.04:723][780]LogModuleManager: Shutting down and abandoning module AndroidTargetPlatform (35)
[2017.02.05-12.40.04:723][780]LogModuleManager: Shutting down and abandoning module WindowsTargetPlatform (34)
[2017.02.05-12.40.04:723][780]LogModuleManager: Shutting down and abandoning module WindowsServerTargetPlatform (33)
[2017.02.05-12.40.04:723][780]LogModuleManager: Shutting down and abandoning module WindowsNoEditorTargetPlatform (32)
[2017.02.05-12.40.04:723][780]LogModuleManager: Shutting down and abandoning module WindowsClientTargetPlatform (31)
[2017.02.05-12.40.04:723][780]LogModuleManager: Shutting down and abandoning module MacTargetPlatform (30)
[2017.02.05-12.40.04:723][780]LogModuleManager: Shutting down and abandoning module MacServerTargetPlatform (29)
[2017.02.05-12.40.04:723][780]LogModuleManager: Shutting down and abandoning module MacNoEditorTargetPlatform (28)
[2017.02.05-12.40.04:723][780]LogModuleManager: Shutting down and abandoning module MacClientTargetPlatform (27)
[2017.02.05-12.40.04:723][780]LogModuleManager: Shutting down and abandoning module AllDesktopTargetPlatform (26)
[2017.02.05-12.40.04:723][780]LogModuleManager: Shutting down and abandoning module TargetPlatform (25)
[2017.02.05-12.40.04:723][780]LogModuleManager: Shutting down and abandoning module InputCore (24)
[2017.02.05-12.40.04:723][780]LogModuleManager: Shutting down and abandoning module Settings (23)
[2017.02.05-12.40.04:723][780]LogModuleManager: Shutting down and abandoning module OculusRift (22)
[2017.02.05-12.40.04:723][780]LogModuleManager: Shutting down and abandoning module ExampleDeviceProfileSelector (21)
[2017.02.05-12.40.04:723][780]LogModuleManager: Shutting down and abandoning module OnlineBlueprintSupport (20)
[2017.02.05-12.40.04:723][780]LogModuleManager: Shutting down and abandoning module OnlineSubsystem (18)
[2017.02.05-12.40.04:723][780]LogOnline:Display: Unloading online subsystem: NULL
[2017.02.05-12.40.04:724][780]LogModuleManager: Shutting down and abandoning module SSL (17)
[2017.02.05-12.40.04:725][780]LogModuleManager: Shutting down and abandoning module HTTP (16)
[2017.02.05-12.40.04:725][780]LogModuleManager: Shutting down and abandoning module XMPP (15)
[2017.02.05-12.40.04:725][780]LogModuleManager: Shutting down and abandoning module TextureCompressor (14)
[2017.02.05-12.40.04:725][780]LogModuleManager: Shutting down and abandoning module ShaderCore (13)
[2017.02.05-12.40.04:725][780]LogModuleManager: Shutting down and abandoning module Landscape (12)
[2017.02.05-12.40.04:725][780]LogModuleManager: Shutting down and abandoning module SlateRHIRenderer (11)
[2017.02.05-12.40.04:728][780]LogModuleManager: Shutting down and abandoning module OpenGLDrv (10)
[2017.02.05-12.40.04:728][780]LogModuleManager: Shutting down and abandoning module D3D11RHI (9)
[2017.02.05-12.40.04:728][780]LogModuleManager: Shutting down and abandoning module AnimGraphRuntime (8)
[2017.02.05-12.40.04:728][780]LogModuleManager: Shutting down and abandoning module Renderer (7)
[2017.02.05-12.40.04:728][780]LogModuleManager: Shutting down and abandoning module Engine (6)
[2017.02.05-12.40.04:728][780]LogModuleManager: Shutting down and abandoning module CoreUObject (5)
[2017.02.05-12.40.04:728][780]LogModuleManager: Shutting down and abandoning module NetworkFile (4)
[2017.02.05-12.40.04:728][780]LogModuleManager: Shutting down and abandoning module StreamingFile (3)
[2017.02.05-12.40.04:728][780]LogModuleManager: Shutting down and abandoning module SandboxFile (2)
[2017.02.05-12.40.04:728][780]LogModuleManager: Shutting down and abandoning module PakFile (1)
[2017.02.05-12.40.04:730][780]LogExit: Exiting.
[2017.02.05-12.40.04:743][780]Log file closed, 02/05/17 14:40:04
